DEMOSTRATION***************************************************************************************************

1 ERROR:
In file included from src/main.c:30:0:
src/main.h:36:42: fatal error: stm32f3_discovery_lsm303dlhc.h: No such file or directory
 #include "stm32f3_discovery_lsm303dlhc.h"
                                          ^
compilation terminated.
make: *** [objs/main.o] Errore 1

2 ERROR:
In file included from src/main.c:30:0:
src/main.h:37:38: fatal error: stm32f3_discovery_l3gd20.h: No such file or directory
 #include "stm32f3_discovery_l3gd20.h"
                                      ^
compilation terminated.
make: *** [objs/main.o] Errore 1

3 ERROR:
objs/main.o: In function `Demo_GyroConfig':
/home/nicky/Scrivania/stm32f3-discovery-basic-template/src/main.c:463: undefined reference to `L3GD20_Init'
/home/nicky/Scrivania/stm32f3-discovery-basic-template/src/main.c:467: undefined reference to `L3GD20_FilterConfig'
/home/nicky/Scrivania/stm32f3-discovery-basic-template/src/main.c:469: undefined reference to `L3GD20_FilterCmd'
objs/main.o: In function `Demo_GyroReadAngRate':
/home/nicky/Scrivania/stm32f3-discovery-basic-template/src/main.c:485: undefined reference to `L3GD20_Read'
/home/nicky/Scrivania/stm32f3-discovery-basic-template/src/main.c:487: undefined reference to `L3GD20_Read'
objs/main.o: In function `Demo_CompassConfig':
/home/nicky/Scrivania/stm32f3-discovery-basic-template/src/main.c:543: undefined reference to `LSM303DLHC_MagInit'
/home/nicky/Scrivania/stm32f3-discovery-basic-template/src/main.c:554: undefined reference to `LSM303DLHC_AccInit'
/home/nicky/Scrivania/stm32f3-discovery-basic-template/src/main.c:563: undefined reference to `LSM303DLHC_AccFilterConfig'
objs/main.o: In function `Demo_CompassReadAcc':
/home/nicky/Scrivania/stm32f3-discovery-basic-template/src/main.c:580: undefined reference to `LSM303DLHC_Read'
/home/nicky/Scrivania/stm32f3-discovery-basic-template/src/main.c:581: undefined reference to `LSM303DLHC_Read'
/home/nicky/Scrivania/stm32f3-discovery-basic-template/src/main.c:602: undefined reference to `LSM303DLHC_Read'
objs/main.o: In function `Demo_CompassReadMag':
/home/nicky/Scrivania/stm32f3-discovery-basic-template/src/main.c:650: undefined reference to `LSM303DLHC_Read'
/home/nicky/Scrivania/stm32f3-discovery-basic-template/src/main.c:652: undefined reference to `LSM303DLHC_Read'
objs/main.o:/home/nicky/Scrivania/stm32f3-discovery-basic-template/src/main.c:653: more undefined references to `LSM303DLHC_Read' follow
/home/nicky/stm32ubuntu13/gcc-arm-none-eabi-4_8-2014q3/bin/../lib/gcc/arm-none-eabi/4.8.4/../../../../arm-none-eabi/lib/armv7e-m/fpu/libm.a(lib_a-w_acos.o): In function `acos':
w_acos.c:(.text.acos+0x9e): undefined reference to `__errno'
w_acos.c:(.text.acos+0xa8): undefined reference to `__errno'
/home/nicky/stm32ubuntu13/gcc-arm-none-eabi-4_8-2014q3/bin/../lib/gcc/arm-none-eabi/4.8.4/../../../../arm-none-eabi/lib/armv7e-m/fpu/libm.a(lib_a-w_sqrt.o): In function `sqrt':
w_sqrt.c:(.text.sqrt+0x9e): undefined reference to `__errno'
w_sqrt.c:(.text.sqrt+0xa8): undefined reference to `__errno'
collect2: error: ld returned 1 exit status
make: *** [main.elf] Errore 1

USB_Example************************************************************************************************************

Error:
In file included from main.c:30:0:
main.h:36:42: fatal error: stm32f3_discovery_lsm303dlhc.h: No such file or directory
 #include "stm32f3_discovery_lsm303dlhc.h"
                                          ^
compilation terminated.
make: *** [objs/main.o] Errore 1

Error:
objs/main.o: In function `Acc_Config':
/home/nicky/Scrivania/stm32f3-discovery-basic-template_USB_Example/src/main.c:185: undefined reference to `LSM303DLHC_AccInit'
/home/nicky/Scrivania/stm32f3-discovery-basic-template_USB_Example/src/main.c:194: undefined reference to `LSM303DLHC_AccFilterConfig'
objs/main.o: In function `Acc_ReadData':
/home/nicky/Scrivania/stm32f3-discovery-basic-template_USB_Example/src/main.c:211: undefined reference to `LSM303DLHC_Read'
/home/nicky/Scrivania/stm32f3-discovery-basic-template_USB_Example/src/main.c:212: undefined reference to `LSM303DLHC_Read'
/home/nicky/Scrivania/stm32f3-discovery-basic-template_USB_Example/src/main.c:234: undefined reference to `LSM303DLHC_Read'
collect2: error: ld returned 1 exit status
make: *** [main.elf] Errore 1

RTC_Calendar **********************************************************************************************************

//sprintf((char*)showtime,"%0.2d:%0.2d:%0.2d",RTC_TimeStructure.RTC_Hours, RTC_TimeStructure.RTC_Minutes, RTC_TimeStructure.RTC_Seconds);

/home/nicky/stm32ubuntu13/gcc-arm-none-eabi-4_8-2014q3/bin/../lib/gcc/arm-none-eabi/4.8.4/../../../../arm-none-eabi/bin/ld: section .ARM.exidx loaded at [0800699c,080069a3] overlaps section .data loaded at [0800699c,08007267]
collect2: error: ld returned 1 exit status
make: *** [main.elf] Errore 1


Error General*********************************************************************************************************
char code[20];
Error:
//scanf("%s", code);
/home/nicky/stm32ubuntu13/gcc-arm-none-eabi-4_8-2014q3/bin/../lib/gcc/arm-none-eabi/4.8.4/../../../../arm-none-eabi/bin/ld: section .ARM.exidx loaded at [08009844,0800984b] overlaps section .data loaded at [08009844,0800a0eb]
collect2: error: ld returned 1 exit status
make: *** [main.elf] Errore 1

Error:
printf("Code student received %s\n", code);
/home/nicky/stm32ubuntu13/gcc-arm-none-eabi-4_8-2014q3/bin/../lib/gcc/arm-none-eabi/4.8.4/../../../../arm-none-eabi/bin/ld: section .ARM.exidx loaded at [0800629c,080062a3] overlaps section .data loaded at [0800629c,08006b3f]
collect2: error: ld returned 1 exit status
make: *** [main.elf] Errore 1

